[0.015s] Invoking command in '/home/sentry_ws/src/rm_interfaces/build/rm_interfaces': CMAKE_PREFIX_PATH=${CMAKE_PREFIX_PATH}:/home/sentry_ws/install/control_panel:/opt/ros/humble /usr/bin/cmake /home/sentry_ws/src/rm_interfaces -DAMENT_CMAKE_SYMLINK_INSTALL=1 -DCMAKE_INSTALL_PREFIX=/home/sentry_ws/src/rm_interfaces/install/rm_interfaces
[0.085s] -- The C compiler identification is GNU 11.4.0
[0.151s] -- The CXX compiler identification is GNU 11.4.0
[0.159s] -- Detecting C compiler ABI info
[0.245s] -- Detecting C compiler ABI info - done
[0.255s] -- Check for working C compiler: /usr/bin/cc - skipped
[0.255s] -- Detecting C compile features
[0.255s] -- Detecting C compile features - done
[0.257s] -- Detecting CXX compiler ABI info
[0.357s] -- Detecting CXX compiler ABI info - done
[0.367s] -- Check for working CXX compiler: /usr/bin/c++ - skipped
[0.368s] -- Detecting CXX compile features
[0.368s] -- Detecting CXX compile features - done
[0.372s] -- Found ament_cmake: 1.3.6 (/opt/ros/humble/share/ament_cmake/cmake)
[0.532s] -- Found Python3: /usr/bin/python3.10 (found version "3.10.12") found components: Interpreter 
[0.579s] -- Override CMake install command with custom implementation using symlinks instead of copying resources
[0.638s] -- Found rosidl_default_generators: 1.2.0 (/opt/ros/humble/share/rosidl_default_generators/cmake)
[0.643s] -- Using all available rosidl_typesupport_c: rosidl_typesupport_fastrtps_c;rosidl_typesupport_introspection_c
[0.655s] -- Found rosidl_adapter: 3.1.5 (/opt/ros/humble/share/rosidl_adapter/cmake)
[0.707s] -- Using all available rosidl_typesupport_cpp: rosidl_typesupport_fastrtps_cpp;rosidl_typesupport_introspection_cpp
[0.750s] -- Found std_msgs: 4.2.3 (/opt/ros/humble/share/std_msgs/cmake)
[0.804s] -- Found geometry_msgs: 4.2.3 (/opt/ros/humble/share/geometry_msgs/cmake)
[0.838s] -- Found nav_msgs: 4.2.3 (/opt/ros/humble/share/nav_msgs/cmake)
[1.181s] -- Found ament_cmake_ros: 0.10.0 (/opt/ros/humble/share/ament_cmake_ros/cmake)
[1.422s] -- Using all available rosidl_typesupport_c: rosidl_typesupport_fastrtps_c;rosidl_typesupport_introspection_c
[1.747s] -- Using all available rosidl_typesupport_cpp: rosidl_typesupport_fastrtps_cpp;rosidl_typesupport_introspection_cpp
[1.770s] -- Found PythonInterp: /usr/bin/python3 (found suitable version "3.10.12", minimum required is "3.6") 
[1.774s] -- Found python_cmake_module: 0.10.0 (/opt/ros/humble/share/python_cmake_module/cmake)
[1.804s] -- Found PythonLibs: /usr/lib/x86_64-linux-gnu/libpython3.10.so (found suitable version "3.10.12", minimum required is "3.5") 
[1.805s] -- Using PYTHON_EXECUTABLE: /usr/bin/python3
[1.805s] -- Using PYTHON_INCLUDE_DIRS: /usr/include/python3.10
[1.805s] -- Using PYTHON_LIBRARIES: /usr/lib/x86_64-linux-gnu/libpython3.10.so
[1.822s] -- Found PythonExtra: .so  
[1.901s] -- Configuring done
[1.941s] -- Generating done
[1.944s] -- Build files have been written to: /home/sentry_ws/src/rm_interfaces/build/rm_interfaces
[1.953s] Invoked command in '/home/sentry_ws/src/rm_interfaces/build/rm_interfaces' returned '0': CMAKE_PREFIX_PATH=${CMAKE_PREFIX_PATH}:/home/sentry_ws/install/control_panel:/opt/ros/humble /usr/bin/cmake /home/sentry_ws/src/rm_interfaces -DAMENT_CMAKE_SYMLINK_INSTALL=1 -DCMAKE_INSTALL_PREFIX=/home/sentry_ws/src/rm_interfaces/install/rm_interfaces
[1.954s] Invoking command in '/home/sentry_ws/src/rm_interfaces/build/rm_interfaces': CMAKE_PREFIX_PATH=${CMAKE_PREFIX_PATH}:/home/sentry_ws/install/control_panel:/opt/ros/humble /usr/bin/cmake --build /home/sentry_ws/src/rm_interfaces/build/rm_interfaces -- -j16 -l16
[2.009s] [  1%] [34m[1mGenerating C code for ROS interfaces[0m
[2.017s] [  2%] [34m[1mGenerating C++ code for ROS interfaces[0m
[2.024s] [  2%] Built target ament_cmake_python_symlink_rm_interfaces
[2.207s] running egg_info
[2.208s] creating rm_interfaces.egg-info
[2.208s] writing rm_interfaces.egg-info/PKG-INFO
[2.208s] writing dependency_links to rm_interfaces.egg-info/dependency_links.txt
[2.208s] writing top-level names to rm_interfaces.egg-info/top_level.txt
[2.208s] writing manifest file 'rm_interfaces.egg-info/SOURCES.txt'
[2.210s] reading manifest file 'rm_interfaces.egg-info/SOURCES.txt'
[2.211s] writing manifest file 'rm_interfaces.egg-info/SOURCES.txt'
[2.236s] [  2%] Built target ament_cmake_python_build_rm_interfaces_egg
[2.522s] [  2%] Built target rm_interfaces__cpp
[2.533s] [  5%] [34m[1mGenerating C++ introspection for ROS interfaces[0m
[2.533s] [  5%] [34m[1mGenerating C++ type support dispatch for ROS interfaces[0m
[2.533s] [  7%] [34m[1mGenerating C++ type support for eProsima Fast-RTPS[0m
[2.545s] [ 11%] [32mBuilding C object CMakeFiles/rm_interfaces__rosidl_generator_c.dir/rosidl_generator_c/rm_interfaces/msg/detail/gimbal_cmd__functions.c.o[0m
[2.545s] [ 11%] [32mBuilding C object CMakeFiles/rm_interfaces__rosidl_generator_c.dir/rosidl_generator_c/rm_interfaces/msg/detail/chassis_cmd__functions.c.o[0m
[2.545s] [ 11%] [32mBuilding C object CMakeFiles/rm_interfaces__rosidl_generator_c.dir/rosidl_generator_c/rm_interfaces/msg/detail/gimbal__functions.c.o[0m
[2.545s] [ 12%] [32mBuilding C object CMakeFiles/rm_interfaces__rosidl_generator_c.dir/rosidl_generator_c/rm_interfaces/msg/detail/game_state__functions.c.o[0m
[2.545s] [ 14%] [32mBuilding C object CMakeFiles/rm_interfaces__rosidl_generator_c.dir/rosidl_generator_c/rm_interfaces/msg/detail/shoot_cmd__functions.c.o[0m
[2.548s] [ 15%] [32mBuilding C object CMakeFiles/rm_interfaces__rosidl_generator_c.dir/rosidl_generator_c/rm_interfaces/msg/detail/sentry_cmd__functions.c.o[0m
[2.601s] [ 16%] [32m[1mLinking C shared library librm_interfaces__rosidl_generator_c.so[0m
[2.654s] [ 16%] Built target rm_interfaces__rosidl_generator_c
[2.667s] [ 18%] [34m[1mGenerating C type support dispatch for ROS interfaces[0m
[2.668s] [ 19%] [34m[1mGenerating C introspection for ROS interfaces[0m
[2.671s] [ 21%] [34m[1mGenerating C type support for eProsima Fast-RTPS[0m
[2.957s] [ 23%] [32mBuilding CXX object CMakeFiles/rm_interfaces__rosidl_typesupport_cpp.dir/rosidl_typesupport_cpp/rm_interfaces/msg/shoot_cmd__type_support.cpp.o[0m
[2.957s] [ 23%] [32mBuilding CXX object CMakeFiles/rm_interfaces__rosidl_typesupport_cpp.dir/rosidl_typesupport_cpp/rm_interfaces/msg/gimbal__type_support.cpp.o[0m
[2.958s] [ 25%] [32mBuilding CXX object CMakeFiles/rm_interfaces__rosidl_typesupport_cpp.dir/rosidl_typesupport_cpp/rm_interfaces/msg/game_state__type_support.cpp.o[0m
[2.958s] [ 28%] [32mBuilding CXX object CMakeFiles/rm_interfaces__rosidl_typesupport_cpp.dir/rosidl_typesupport_cpp/rm_interfaces/msg/sentry_cmd__type_support.cpp.o[0m
[2.958s] [ 28%] [32mBuilding CXX object CMakeFiles/rm_interfaces__rosidl_typesupport_cpp.dir/rosidl_typesupport_cpp/rm_interfaces/msg/chassis_cmd__type_support.cpp.o[0m
[2.958s] [ 29%] [32mBuilding CXX object CMakeFiles/rm_interfaces__rosidl_typesupport_cpp.dir/rosidl_typesupport_cpp/rm_interfaces/msg/gimbal_cmd__type_support.cpp.o[0m
[3.022s] [ 32%] [32mBuilding CXX object CMakeFiles/rm_interfaces__rosidl_typesupport_introspection_cpp.dir/rosidl_typesupport_introspection_cpp/rm_interfaces/msg/detail/gimbal__type_support.cpp.o[0m
[3.022s] [ 32%] [32mBuilding CXX object CMakeFiles/rm_interfaces__rosidl_typesupport_introspection_cpp.dir/rosidl_typesupport_introspection_cpp/rm_interfaces/msg/detail/game_state__type_support.cpp.o[0m
[3.023s] [ 33%] [32mBuilding CXX object CMakeFiles/rm_interfaces__rosidl_typesupport_introspection_cpp.dir/rosidl_typesupport_introspection_cpp/rm_interfaces/msg/detail/sentry_cmd__type_support.cpp.o[0m
[3.025s] [ 35%] [32mBuilding CXX object CMakeFiles/rm_interfaces__rosidl_typesupport_introspection_cpp.dir/rosidl_typesupport_introspection_cpp/rm_interfaces/msg/detail/chassis_cmd__type_support.cpp.o[0m
[3.029s] [ 36%] [32mBuilding CXX object CMakeFiles/rm_interfaces__rosidl_typesupport_introspection_cpp.dir/rosidl_typesupport_introspection_cpp/rm_interfaces/msg/detail/gimbal_cmd__type_support.cpp.o[0m
[3.035s] [ 38%] [32mBuilding CXX object CMakeFiles/rm_interfaces__rosidl_typesupport_introspection_cpp.dir/rosidl_typesupport_introspection_cpp/rm_interfaces/msg/detail/shoot_cmd__type_support.cpp.o[0m
[3.298s] [ 39%] [32m[1mLinking CXX shared library librm_interfaces__rosidl_typesupport_cpp.so[0m
[3.303s] [ 40%] [32mBuilding CXX object CMakeFiles/rm_interfaces__rosidl_typesupport_fastrtps_cpp.dir/rosidl_typesupport_fastrtps_cpp/rm_interfaces/msg/detail/dds_fastrtps/game_state__type_support.cpp.o[0m
[3.309s] [ 42%] [32mBuilding CXX object CMakeFiles/rm_interfaces__rosidl_typesupport_c.dir/rosidl_typesupport_c/rm_interfaces/msg/game_state__type_support.cpp.o[0m
[3.322s] [ 45%] [32mBuilding CXX object CMakeFiles/rm_interfaces__rosidl_typesupport_fastrtps_cpp.dir/rosidl_typesupport_fastrtps_cpp/rm_interfaces/msg/detail/dds_fastrtps/sentry_cmd__type_support.cpp.o[0m
[3.322s] [ 45%] [32mBuilding CXX object CMakeFiles/rm_interfaces__rosidl_typesupport_c.dir/rosidl_typesupport_c/rm_interfaces/msg/sentry_cmd__type_support.cpp.o[0m
[3.324s] [ 46%] [32mBuilding CXX object CMakeFiles/rm_interfaces__rosidl_typesupport_c.dir/rosidl_typesupport_c/rm_interfaces/msg/chassis_cmd__type_support.cpp.o[0m
[3.326s] [ 47%] [32mBuilding CXX object CMakeFiles/rm_interfaces__rosidl_typesupport_fastrtps_cpp.dir/rosidl_typesupport_fastrtps_cpp/rm_interfaces/msg/detail/dds_fastrtps/chassis_cmd__type_support.cpp.o[0m
[3.338s] [ 49%] [32mBuilding CXX object CMakeFiles/rm_interfaces__rosidl_typesupport_c.dir/rosidl_typesupport_c/rm_interfaces/msg/gimbal__type_support.cpp.o[0m
[3.350s] [ 50%] [32mBuilding CXX object CMakeFiles/rm_interfaces__rosidl_typesupport_fastrtps_c.dir/rosidl_typesupport_fastrtps_c/rm_interfaces/msg/detail/game_state__type_support_c.cpp.o[0m
[3.351s] [ 52%] [32mBuilding C object CMakeFiles/rm_interfaces__rosidl_typesupport_introspection_c.dir/rosidl_typesupport_introspection_c/rm_interfaces/msg/detail/game_state__type_support.c.o[0m
[3.363s] [ 52%] Built target rm_interfaces__rosidl_typesupport_cpp
[3.363s] [ 53%] [32mBuilding C object CMakeFiles/rm_interfaces__rosidl_typesupport_introspection_c.dir/rosidl_typesupport_introspection_c/rm_interfaces/msg/detail/sentry_cmd__type_support.c.o[0m
[3.367s] [ 56%] [32mBuilding CXX object CMakeFiles/rm_interfaces__rosidl_typesupport_c.dir/rosidl_typesupport_c/rm_interfaces/msg/shoot_cmd__type_support.cpp.o[0m
[3.367s] [ 56%] [32mBuilding CXX object CMakeFiles/rm_interfaces__rosidl_typesupport_c.dir/rosidl_typesupport_c/rm_interfaces/msg/gimbal_cmd__type_support.cpp.o[0m
[3.377s] [ 57%] [32mBuilding CXX object CMakeFiles/rm_interfaces__rosidl_typesupport_fastrtps_c.dir/rosidl_typesupport_fastrtps_c/rm_interfaces/msg/detail/sentry_cmd__type_support_c.cpp.o[0m
[3.387s] [ 59%] [32mBuilding CXX object CMakeFiles/rm_interfaces__rosidl_typesupport_fastrtps_c.dir/rosidl_typesupport_fastrtps_c/rm_interfaces/msg/detail/chassis_cmd__type_support_c.cpp.o[0m
[3.420s] [ 60%] [32m[1mLinking CXX shared library librm_interfaces__rosidl_typesupport_c.so[0m
[3.430s] [ 61%] [32mBuilding CXX object CMakeFiles/rm_interfaces__rosidl_typesupport_fastrtps_c.dir/rosidl_typesupport_fastrtps_c/rm_interfaces/msg/detail/gimbal__type_support_c.cpp.o[0m
[3.441s] [ 63%] [32mBuilding C object CMakeFiles/rm_interfaces__rosidl_typesupport_introspection_c.dir/rosidl_typesupport_introspection_c/rm_interfaces/msg/detail/chassis_cmd__type_support.c.o[0m
[3.456s] [ 64%] [32mBuilding C object CMakeFiles/rm_interfaces__rosidl_typesupport_introspection_c.dir/rosidl_typesupport_introspection_c/rm_interfaces/msg/detail/gimbal__type_support.c.o[0m
[3.483s] [ 66%] [32mBuilding C object CMakeFiles/rm_interfaces__rosidl_typesupport_introspection_c.dir/rosidl_typesupport_introspection_c/rm_interfaces/msg/detail/gimbal_cmd__type_support.c.o[0m
[3.490s] [ 66%] Built target rm_interfaces__rosidl_typesupport_c
[3.507s] [ 67%] [32mBuilding CXX object CMakeFiles/rm_interfaces__rosidl_typesupport_fastrtps_cpp.dir/rosidl_typesupport_fastrtps_cpp/rm_interfaces/msg/detail/dds_fastrtps/gimbal__type_support.cpp.o[0m
[3.507s] [ 69%] [32mBuilding CXX object CMakeFiles/rm_interfaces__rosidl_typesupport_fastrtps_c.dir/rosidl_typesupport_fastrtps_c/rm_interfaces/msg/detail/gimbal_cmd__type_support_c.cpp.o[0m
[3.511s] [ 70%] [32mBuilding CXX object CMakeFiles/rm_interfaces__rosidl_typesupport_fastrtps_c.dir/rosidl_typesupport_fastrtps_c/rm_interfaces/msg/detail/shoot_cmd__type_support_c.cpp.o[0m
[3.512s] [ 71%] [32mBuilding C object CMakeFiles/rm_interfaces__rosidl_typesupport_introspection_c.dir/rosidl_typesupport_introspection_c/rm_interfaces/msg/detail/shoot_cmd__type_support.c.o[0m
[3.514s] [ 74%] [32mBuilding CXX object CMakeFiles/rm_interfaces__rosidl_typesupport_fastrtps_cpp.dir/rosidl_typesupport_fastrtps_cpp/rm_interfaces/msg/detail/dds_fastrtps/shoot_cmd__type_support.cpp.o[0m
[3.515s] [ 74%] [32mBuilding CXX object CMakeFiles/rm_interfaces__rosidl_typesupport_fastrtps_cpp.dir/rosidl_typesupport_fastrtps_cpp/rm_interfaces/msg/detail/dds_fastrtps/gimbal_cmd__type_support.cpp.o[0m
[3.521s] [ 76%] [32m[1mLinking CXX shared library librm_interfaces__rosidl_typesupport_introspection_cpp.so[0m
[3.561s] [ 77%] [32m[1mLinking C shared library librm_interfaces__rosidl_typesupport_introspection_c.so[0m
[3.616s] [ 77%] Built target rm_interfaces__rosidl_typesupport_introspection_c
[3.638s] [ 77%] Built target rm_interfaces__rosidl_typesupport_introspection_cpp
[3.890s] [ 78%] [32m[1mLinking CXX shared library librm_interfaces__rosidl_typesupport_fastrtps_c.so[0m
[3.934s] [ 80%] [32m[1mLinking CXX shared library librm_interfaces__rosidl_typesupport_fastrtps_cpp.so[0m
[3.977s] [ 80%] Built target rm_interfaces__rosidl_typesupport_fastrtps_c
[4.018s] [ 80%] Built target rm_interfaces__rosidl_typesupport_fastrtps_cpp
[4.050s] [ 80%] Built target rm_interfaces
[4.086s] [ 81%] [34m[1mGenerating Python code for ROS interfaces[0m
[4.870s] [ 81%] Built target rm_interfaces__py
[4.896s] [ 85%] [32mBuilding C object CMakeFiles/rm_interfaces__rosidl_generator_py.dir/rosidl_generator_py/rm_interfaces/msg/_gimbal_s.c.o[0m
[4.896s] [ 85%] [32mBuilding C object CMakeFiles/rm_interfaces__rosidl_generator_py.dir/rosidl_generator_py/rm_interfaces/msg/_chassis_cmd_s.c.o[0m
[4.896s] [ 85%] [32mBuilding C object CMakeFiles/rm_interfaces__rosidl_generator_py.dir/rosidl_generator_py/rm_interfaces/msg/_gimbal_cmd_s.c.o[0m
[4.896s] [ 87%] [32mBuilding C object CMakeFiles/rm_interfaces__rosidl_generator_py.dir/rosidl_generator_py/rm_interfaces/msg/_sentry_cmd_s.c.o[0m
[4.898s] [ 88%] [32mBuilding C object CMakeFiles/rm_interfaces__rosidl_generator_py.dir/rosidl_generator_py/rm_interfaces/msg/_game_state_s.c.o[0m
[4.899s] [ 90%] [32mBuilding C object CMakeFiles/rm_interfaces__rosidl_generator_py.dir/rosidl_generator_py/rm_interfaces/msg/_shoot_cmd_s.c.o[0m
[4.986s] [ 91%] [32m[1mLinking C shared library rosidl_generator_py/rm_interfaces/librm_interfaces__rosidl_generator_py.so[0m
[5.040s] [ 91%] Built target rm_interfaces__rosidl_generator_py
[5.063s] [ 92%] [32mBuilding C object CMakeFiles/rm_interfaces__rosidl_typesupport_c__pyext.dir/rosidl_generator_py/rm_interfaces/_rm_interfaces_s.ep.rosidl_typesupport_c.c.o[0m
[5.064s] [ 94%] [32mBuilding C object CMakeFiles/rm_interfaces__rosidl_typesupport_fastrtps_c__pyext.dir/rosidl_generator_py/rm_interfaces/_rm_interfaces_s.ep.rosidl_typesupport_fastrtps_c.c.o[0m
[5.075s] [ 95%] [32mBuilding C object CMakeFiles/rm_interfaces__rosidl_typesupport_introspection_c__pyext.dir/rosidl_generator_py/rm_interfaces/_rm_interfaces_s.ep.rosidl_typesupport_introspection_c.c.o[0m
[5.161s] [ 97%] [32m[1mLinking C shared library rosidl_generator_py/rm_interfaces/rm_interfaces_s__rosidl_typesupport_c.cpython-310-x86_64-linux-gnu.so[0m
[5.161s] [ 98%] [32m[1mLinking C shared library rosidl_generator_py/rm_interfaces/rm_interfaces_s__rosidl_typesupport_fastrtps_c.cpython-310-x86_64-linux-gnu.so[0m
[5.173s] [100%] [32m[1mLinking C shared library rosidl_generator_py/rm_interfaces/rm_interfaces_s__rosidl_typesupport_introspection_c.cpython-310-x86_64-linux-gnu.so[0m
[5.204s] [100%] Built target rm_interfaces__rosidl_typesupport_c__pyext
[5.207s] [100%] Built target rm_interfaces__rosidl_typesupport_fastrtps_c__pyext
[5.219s] [100%] Built target rm_interfaces__rosidl_typesupport_introspection_c__pyext
[5.236s] Invoked command in '/home/sentry_ws/src/rm_interfaces/build/rm_interfaces' returned '0': CMAKE_PREFIX_PATH=${CMAKE_PREFIX_PATH}:/home/sentry_ws/install/control_panel:/opt/ros/humble /usr/bin/cmake --build /home/sentry_ws/src/rm_interfaces/build/rm_interfaces -- -j16 -l16
[5.540s] Invoking command in '/home/sentry_ws/src/rm_interfaces/build/rm_interfaces': CMAKE_PREFIX_PATH=${CMAKE_PREFIX_PATH}:/home/sentry_ws/install/control_panel:/opt/ros/humble /usr/bin/cmake --install /home/sentry_ws/src/rm_interfaces/build/rm_interfaces
[5.552s] -- Install configuration: ""
[5.552s] -- Execute custom install script
[5.552s] -- Symlinking: /home/sentry_ws/src/rm_interfaces/install/rm_interfaces/share/ament_index/resource_index/rosidl_interfaces/rm_interfaces
[5.569s] -- Symlinking: /home/sentry_ws/src/rm_interfaces/install/rm_interfaces/include/rm_interfaces/rm_interfaces/msg/chassis_cmd.h
[5.577s] -- Symlinking: /home/sentry_ws/src/rm_interfaces/install/rm_interfaces/include/rm_interfaces/rm_interfaces/msg/detail/chassis_cmd__functions.h
[5.587s] -- Symlinking: /home/sentry_ws/src/rm_interfaces/install/rm_interfaces/include/rm_interfaces/rm_interfaces/msg/detail/chassis_cmd__struct.h
[5.595s] -- Symlinking: /home/sentry_ws/src/rm_interfaces/install/rm_interfaces/include/rm_interfaces/rm_interfaces/msg/detail/chassis_cmd__type_support.h
[5.607s] -- Symlinking: /home/sentry_ws/src/rm_interfaces/install/rm_interfaces/include/rm_interfaces/rm_interfaces/msg/detail/game_state__functions.h
[5.617s] -- Symlinking: /home/sentry_ws/src/rm_interfaces/install/rm_interfaces/include/rm_interfaces/rm_interfaces/msg/detail/game_state__struct.h
[5.625s] -- Symlinking: /home/sentry_ws/src/rm_interfaces/install/rm_interfaces/include/rm_interfaces/rm_interfaces/msg/detail/game_state__type_support.h
[5.640s] -- Symlinking: /home/sentry_ws/src/rm_interfaces/install/rm_interfaces/include/rm_interfaces/rm_interfaces/msg/detail/gimbal__functions.h
[5.649s] -- Symlinking: /home/sentry_ws/src/rm_interfaces/install/rm_interfaces/include/rm_interfaces/rm_interfaces/msg/detail/gimbal__struct.h
[5.664s] -- Symlinking: /home/sentry_ws/src/rm_interfaces/install/rm_interfaces/include/rm_interfaces/rm_interfaces/msg/detail/gimbal__type_support.h
[5.679s] -- Symlinking: /home/sentry_ws/src/rm_interfaces/install/rm_interfaces/include/rm_interfaces/rm_interfaces/msg/detail/gimbal_cmd__functions.h
[5.694s] -- Symlinking: /home/sentry_ws/src/rm_interfaces/install/rm_interfaces/include/rm_interfaces/rm_interfaces/msg/detail/gimbal_cmd__struct.h
[5.708s] -- Symlinking: /home/sentry_ws/src/rm_interfaces/install/rm_interfaces/include/rm_interfaces/rm_interfaces/msg/detail/gimbal_cmd__type_support.h
[5.718s] -- Symlinking: /home/sentry_ws/src/rm_interfaces/install/rm_interfaces/include/rm_interfaces/rm_interfaces/msg/detail/sentry_cmd__functions.h
[5.732s] -- Symlinking: /home/sentry_ws/src/rm_interfaces/install/rm_interfaces/include/rm_interfaces/rm_interfaces/msg/detail/sentry_cmd__struct.h
[5.747s] -- Symlinking: /home/sentry_ws/src/rm_interfaces/install/rm_interfaces/include/rm_interfaces/rm_interfaces/msg/detail/sentry_cmd__type_support.h
[5.761s] -- Symlinking: /home/sentry_ws/src/rm_interfaces/install/rm_interfaces/include/rm_interfaces/rm_interfaces/msg/detail/shoot_cmd__functions.h
[5.772s] -- Symlinking: /home/sentry_ws/src/rm_interfaces/install/rm_interfaces/include/rm_interfaces/rm_interfaces/msg/detail/shoot_cmd__struct.h
[5.782s] -- Symlinking: /home/sentry_ws/src/rm_interfaces/install/rm_interfaces/include/rm_interfaces/rm_interfaces/msg/detail/shoot_cmd__type_support.h
[5.796s] -- Symlinking: /home/sentry_ws/src/rm_interfaces/install/rm_interfaces/include/rm_interfaces/rm_interfaces/msg/game_state.h
[5.805s] -- Symlinking: /home/sentry_ws/src/rm_interfaces/install/rm_interfaces/include/rm_interfaces/rm_interfaces/msg/gimbal.h
[5.814s] -- Symlinking: /home/sentry_ws/src/rm_interfaces/install/rm_interfaces/include/rm_interfaces/rm_interfaces/msg/gimbal_cmd.h
[5.826s] -- Symlinking: /home/sentry_ws/src/rm_interfaces/install/rm_interfaces/include/rm_interfaces/rm_interfaces/msg/rosidl_generator_c__visibility_control.h
[5.840s] -- Symlinking: /home/sentry_ws/src/rm_interfaces/install/rm_interfaces/include/rm_interfaces/rm_interfaces/msg/sentry_cmd.h
[5.852s] -- Symlinking: /home/sentry_ws/src/rm_interfaces/install/rm_interfaces/include/rm_interfaces/rm_interfaces/msg/shoot_cmd.h
[5.863s] -- Symlinking: /home/sentry_ws/src/rm_interfaces/install/rm_interfaces/share/rm_interfaces/environment/library_path.sh
[5.875s] -- Symlinking: /home/sentry_ws/src/rm_interfaces/install/rm_interfaces/share/rm_interfaces/environment/library_path.dsv
[5.888s] -- Symlinking: /home/sentry_ws/src/rm_interfaces/install/rm_interfaces/include/rm_interfaces/rm_interfaces/msg/detail/chassis_cmd__rosidl_typesupport_fastrtps_c.h
[5.897s] -- Symlinking: /home/sentry_ws/src/rm_interfaces/install/rm_interfaces/include/rm_interfaces/rm_interfaces/msg/detail/game_state__rosidl_typesupport_fastrtps_c.h
[5.906s] -- Symlinking: /home/sentry_ws/src/rm_interfaces/install/rm_interfaces/include/rm_interfaces/rm_interfaces/msg/detail/gimbal__rosidl_typesupport_fastrtps_c.h
[5.916s] -- Symlinking: /home/sentry_ws/src/rm_interfaces/install/rm_interfaces/include/rm_interfaces/rm_interfaces/msg/detail/gimbal_cmd__rosidl_typesupport_fastrtps_c.h
[5.929s] -- Symlinking: /home/sentry_ws/src/rm_interfaces/install/rm_interfaces/include/rm_interfaces/rm_interfaces/msg/detail/sentry_cmd__rosidl_typesupport_fastrtps_c.h
[5.944s] -- Symlinking: /home/sentry_ws/src/rm_interfaces/install/rm_interfaces/include/rm_interfaces/rm_interfaces/msg/detail/shoot_cmd__rosidl_typesupport_fastrtps_c.h
[5.959s] -- Symlinking: /home/sentry_ws/src/rm_interfaces/install/rm_interfaces/include/rm_interfaces/rm_interfaces/msg/rosidl_typesupport_fastrtps_c__visibility_control.h
[5.968s] -- Symlinking: /home/sentry_ws/src/rm_interfaces/install/rm_interfaces/include/rm_interfaces/rm_interfaces/msg/detail/chassis_cmd__rosidl_typesupport_introspection_c.h
[5.976s] -- Symlinking: /home/sentry_ws/src/rm_interfaces/install/rm_interfaces/include/rm_interfaces/rm_interfaces/msg/detail/game_state__rosidl_typesupport_introspection_c.h
[5.985s] -- Symlinking: /home/sentry_ws/src/rm_interfaces/install/rm_interfaces/include/rm_interfaces/rm_interfaces/msg/detail/gimbal__rosidl_typesupport_introspection_c.h
[5.994s] -- Symlinking: /home/sentry_ws/src/rm_interfaces/install/rm_interfaces/include/rm_interfaces/rm_interfaces/msg/detail/gimbal_cmd__rosidl_typesupport_introspection_c.h
[6.004s] -- Symlinking: /home/sentry_ws/src/rm_interfaces/install/rm_interfaces/include/rm_interfaces/rm_interfaces/msg/detail/sentry_cmd__rosidl_typesupport_introspection_c.h
[6.013s] -- Symlinking: /home/sentry_ws/src/rm_interfaces/install/rm_interfaces/include/rm_interfaces/rm_interfaces/msg/detail/shoot_cmd__rosidl_typesupport_introspection_c.h
[6.026s] -- Symlinking: /home/sentry_ws/src/rm_interfaces/install/rm_interfaces/include/rm_interfaces/rm_interfaces/msg/rosidl_typesupport_introspection_c__visibility_control.h
[6.041s] -- Symlinking: /home/sentry_ws/src/rm_interfaces/install/rm_interfaces/include/rm_interfaces/rm_interfaces/msg/chassis_cmd.hpp
[6.056s] -- Symlinking: /home/sentry_ws/src/rm_interfaces/install/rm_interfaces/include/rm_interfaces/rm_interfaces/msg/detail/chassis_cmd__builder.hpp
[6.065s] -- Symlinking: /home/sentry_ws/src/rm_interfaces/install/rm_interfaces/include/rm_interfaces/rm_interfaces/msg/detail/chassis_cmd__struct.hpp
[6.074s] -- Symlinking: /home/sentry_ws/src/rm_interfaces/install/rm_interfaces/include/rm_interfaces/rm_interfaces/msg/detail/chassis_cmd__traits.hpp
[6.088s] -- Symlinking: /home/sentry_ws/src/rm_interfaces/install/rm_interfaces/include/rm_interfaces/rm_interfaces/msg/detail/game_state__builder.hpp
[6.096s] -- Symlinking: /home/sentry_ws/src/rm_interfaces/install/rm_interfaces/include/rm_interfaces/rm_interfaces/msg/detail/game_state__struct.hpp
[6.106s] -- Symlinking: /home/sentry_ws/src/rm_interfaces/install/rm_interfaces/include/rm_interfaces/rm_interfaces/msg/detail/game_state__traits.hpp
[6.115s] -- Symlinking: /home/sentry_ws/src/rm_interfaces/install/rm_interfaces/include/rm_interfaces/rm_interfaces/msg/detail/gimbal__builder.hpp
[6.124s] -- Symlinking: /home/sentry_ws/src/rm_interfaces/install/rm_interfaces/include/rm_interfaces/rm_interfaces/msg/detail/gimbal__struct.hpp
[6.133s] -- Symlinking: /home/sentry_ws/src/rm_interfaces/install/rm_interfaces/include/rm_interfaces/rm_interfaces/msg/detail/gimbal__traits.hpp
[6.142s] -- Symlinking: /home/sentry_ws/src/rm_interfaces/install/rm_interfaces/include/rm_interfaces/rm_interfaces/msg/detail/gimbal_cmd__builder.hpp
[6.152s] -- Symlinking: /home/sentry_ws/src/rm_interfaces/install/rm_interfaces/include/rm_interfaces/rm_interfaces/msg/detail/gimbal_cmd__struct.hpp
[6.162s] -- Symlinking: /home/sentry_ws/src/rm_interfaces/install/rm_interfaces/include/rm_interfaces/rm_interfaces/msg/detail/gimbal_cmd__traits.hpp
[6.174s] -- Symlinking: /home/sentry_ws/src/rm_interfaces/install/rm_interfaces/include/rm_interfaces/rm_interfaces/msg/detail/sentry_cmd__builder.hpp
[6.185s] -- Symlinking: /home/sentry_ws/src/rm_interfaces/install/rm_interfaces/include/rm_interfaces/rm_interfaces/msg/detail/sentry_cmd__struct.hpp
[6.194s] -- Symlinking: /home/sentry_ws/src/rm_interfaces/install/rm_interfaces/include/rm_interfaces/rm_interfaces/msg/detail/sentry_cmd__traits.hpp
[6.205s] -- Symlinking: /home/sentry_ws/src/rm_interfaces/install/rm_interfaces/include/rm_interfaces/rm_interfaces/msg/detail/shoot_cmd__builder.hpp
[6.219s] -- Symlinking: /home/sentry_ws/src/rm_interfaces/install/rm_interfaces/include/rm_interfaces/rm_interfaces/msg/detail/shoot_cmd__struct.hpp
[6.233s] -- Symlinking: /home/sentry_ws/src/rm_interfaces/install/rm_interfaces/include/rm_interfaces/rm_interfaces/msg/detail/shoot_cmd__traits.hpp
[6.246s] -- Symlinking: /home/sentry_ws/src/rm_interfaces/install/rm_interfaces/include/rm_interfaces/rm_interfaces/msg/game_state.hpp
[6.260s] -- Symlinking: /home/sentry_ws/src/rm_interfaces/install/rm_interfaces/include/rm_interfaces/rm_interfaces/msg/gimbal.hpp
[6.271s] -- Symlinking: /home/sentry_ws/src/rm_interfaces/install/rm_interfaces/include/rm_interfaces/rm_interfaces/msg/gimbal_cmd.hpp
[6.285s] -- Symlinking: /home/sentry_ws/src/rm_interfaces/install/rm_interfaces/include/rm_interfaces/rm_interfaces/msg/sentry_cmd.hpp
[6.298s] -- Symlinking: /home/sentry_ws/src/rm_interfaces/install/rm_interfaces/include/rm_interfaces/rm_interfaces/msg/shoot_cmd.hpp
[6.311s] -- Symlinking: /home/sentry_ws/src/rm_interfaces/install/rm_interfaces/include/rm_interfaces/rm_interfaces/msg/detail/chassis_cmd__rosidl_typesupport_fastrtps_cpp.hpp
[6.323s] -- Symlinking: /home/sentry_ws/src/rm_interfaces/install/rm_interfaces/include/rm_interfaces/rm_interfaces/msg/detail/game_state__rosidl_typesupport_fastrtps_cpp.hpp
[6.337s] -- Symlinking: /home/sentry_ws/src/rm_interfaces/install/rm_interfaces/include/rm_interfaces/rm_interfaces/msg/detail/gimbal__rosidl_typesupport_fastrtps_cpp.hpp
[6.347s] -- Symlinking: /home/sentry_ws/src/rm_interfaces/install/rm_interfaces/include/rm_interfaces/rm_interfaces/msg/detail/gimbal_cmd__rosidl_typesupport_fastrtps_cpp.hpp
[6.361s] -- Symlinking: /home/sentry_ws/src/rm_interfaces/install/rm_interfaces/include/rm_interfaces/rm_interfaces/msg/detail/sentry_cmd__rosidl_typesupport_fastrtps_cpp.hpp
[6.374s] -- Symlinking: /home/sentry_ws/src/rm_interfaces/install/rm_interfaces/include/rm_interfaces/rm_interfaces/msg/detail/shoot_cmd__rosidl_typesupport_fastrtps_cpp.hpp
[6.386s] -- Symlinking: /home/sentry_ws/src/rm_interfaces/install/rm_interfaces/include/rm_interfaces/rm_interfaces/msg/rosidl_typesupport_fastrtps_cpp__visibility_control.h
[6.400s] -- Symlinking: /home/sentry_ws/src/rm_interfaces/install/rm_interfaces/include/rm_interfaces/rm_interfaces/msg/detail/chassis_cmd__rosidl_typesupport_introspection_cpp.hpp
[6.413s] -- Symlinking: /home/sentry_ws/src/rm_interfaces/install/rm_interfaces/include/rm_interfaces/rm_interfaces/msg/detail/game_state__rosidl_typesupport_introspection_cpp.hpp
[6.422s] -- Symlinking: /home/sentry_ws/src/rm_interfaces/install/rm_interfaces/include/rm_interfaces/rm_interfaces/msg/detail/gimbal__rosidl_typesupport_introspection_cpp.hpp
[6.430s] -- Symlinking: /home/sentry_ws/src/rm_interfaces/install/rm_interfaces/include/rm_interfaces/rm_interfaces/msg/detail/gimbal_cmd__rosidl_typesupport_introspection_cpp.hpp
[6.438s] -- Symlinking: /home/sentry_ws/src/rm_interfaces/install/rm_interfaces/include/rm_interfaces/rm_interfaces/msg/detail/sentry_cmd__rosidl_typesupport_introspection_cpp.hpp
[6.452s] -- Symlinking: /home/sentry_ws/src/rm_interfaces/install/rm_interfaces/include/rm_interfaces/rm_interfaces/msg/detail/shoot_cmd__rosidl_typesupport_introspection_cpp.hpp
[6.461s] -- Symlinking: /home/sentry_ws/src/rm_interfaces/install/rm_interfaces/share/rm_interfaces/environment/pythonpath.sh
[6.469s] -- Symlinking: /home/sentry_ws/src/rm_interfaces/install/rm_interfaces/share/rm_interfaces/environment/pythonpath.dsv
[6.483s] -- Symlinking: /home/sentry_ws/src/rm_interfaces/install/rm_interfaces/local/lib/python3.10/dist-packages/rm_interfaces-0.0.1-py3.10.egg-info/PKG-INFO
[6.494s] -- Symlinking: /home/sentry_ws/src/rm_interfaces/install/rm_interfaces/local/lib/python3.10/dist-packages/rm_interfaces-0.0.1-py3.10.egg-info/SOURCES.txt
[6.508s] -- Symlinking: /home/sentry_ws/src/rm_interfaces/install/rm_interfaces/local/lib/python3.10/dist-packages/rm_interfaces-0.0.1-py3.10.egg-info/dependency_links.txt
[6.518s] -- Symlinking: /home/sentry_ws/src/rm_interfaces/install/rm_interfaces/local/lib/python3.10/dist-packages/rm_interfaces-0.0.1-py3.10.egg-info/top_level.txt
[6.529s] -- Symlinking: /home/sentry_ws/src/rm_interfaces/install/rm_interfaces/local/lib/python3.10/dist-packages/rm_interfaces/__init__.py
[6.545s] -- Symlinking: /home/sentry_ws/src/rm_interfaces/install/rm_interfaces/local/lib/python3.10/dist-packages/rm_interfaces/_rm_interfaces_s.ep.rosidl_typesupport_c.c
[6.554s] -- Symlinking: /home/sentry_ws/src/rm_interfaces/install/rm_interfaces/local/lib/python3.10/dist-packages/rm_interfaces/_rm_interfaces_s.ep.rosidl_typesupport_fastrtps_c.c
[6.562s] -- Symlinking: /home/sentry_ws/src/rm_interfaces/install/rm_interfaces/local/lib/python3.10/dist-packages/rm_interfaces/_rm_interfaces_s.ep.rosidl_typesupport_introspection_c.c
[6.571s] -- Symlinking: /home/sentry_ws/src/rm_interfaces/install/rm_interfaces/local/lib/python3.10/dist-packages/rm_interfaces/librm_interfaces__rosidl_generator_py.so
[6.579s] -- Symlinking: /home/sentry_ws/src/rm_interfaces/install/rm_interfaces/local/lib/python3.10/dist-packages/rm_interfaces/msg/__init__.py
[6.587s] -- Symlinking: /home/sentry_ws/src/rm_interfaces/install/rm_interfaces/local/lib/python3.10/dist-packages/rm_interfaces/msg/_chassis_cmd.py
[6.595s] -- Symlinking: /home/sentry_ws/src/rm_interfaces/install/rm_interfaces/local/lib/python3.10/dist-packages/rm_interfaces/msg/_chassis_cmd_s.c
[6.604s] -- Symlinking: /home/sentry_ws/src/rm_interfaces/install/rm_interfaces/local/lib/python3.10/dist-packages/rm_interfaces/msg/_game_state.py
[6.618s] -- Symlinking: /home/sentry_ws/src/rm_interfaces/install/rm_interfaces/local/lib/python3.10/dist-packages/rm_interfaces/msg/_game_state_s.c
[6.630s] -- Symlinking: /home/sentry_ws/src/rm_interfaces/install/rm_interfaces/local/lib/python3.10/dist-packages/rm_interfaces/msg/_gimbal.py
[6.643s] -- Symlinking: /home/sentry_ws/src/rm_interfaces/install/rm_interfaces/local/lib/python3.10/dist-packages/rm_interfaces/msg/_gimbal_cmd.py
[6.656s] -- Symlinking: /home/sentry_ws/src/rm_interfaces/install/rm_interfaces/local/lib/python3.10/dist-packages/rm_interfaces/msg/_gimbal_cmd_s.c
[6.664s] -- Symlinking: /home/sentry_ws/src/rm_interfaces/install/rm_interfaces/local/lib/python3.10/dist-packages/rm_interfaces/msg/_gimbal_s.c
[6.673s] -- Symlinking: /home/sentry_ws/src/rm_interfaces/install/rm_interfaces/local/lib/python3.10/dist-packages/rm_interfaces/msg/_sentry_cmd.py
[6.687s] -- Symlinking: /home/sentry_ws/src/rm_interfaces/install/rm_interfaces/local/lib/python3.10/dist-packages/rm_interfaces/msg/_sentry_cmd_s.c
[6.695s] -- Symlinking: /home/sentry_ws/src/rm_interfaces/install/rm_interfaces/local/lib/python3.10/dist-packages/rm_interfaces/msg/_shoot_cmd.py
[6.708s] -- Symlinking: /home/sentry_ws/src/rm_interfaces/install/rm_interfaces/local/lib/python3.10/dist-packages/rm_interfaces/msg/_shoot_cmd_s.c
[6.721s] -- Symlinking: /home/sentry_ws/src/rm_interfaces/install/rm_interfaces/local/lib/python3.10/dist-packages/rm_interfaces/rm_interfaces_s__rosidl_typesupport_c.cpython-310-x86_64-linux-gnu.so
[6.730s] -- Symlinking: /home/sentry_ws/src/rm_interfaces/install/rm_interfaces/local/lib/python3.10/dist-packages/rm_interfaces/rm_interfaces_s__rosidl_typesupport_fastrtps_c.cpython-310-x86_64-linux-gnu.so
[6.738s] -- Symlinking: /home/sentry_ws/src/rm_interfaces/install/rm_interfaces/local/lib/python3.10/dist-packages/rm_interfaces/rm_interfaces_s__rosidl_typesupport_introspection_c.cpython-310-x86_64-linux-gnu.so
[6.753s] -- Up-to-date symlink: /home/sentry_ws/src/rm_interfaces/install/rm_interfaces/local/lib/python3.10/dist-packages/rm_interfaces/rm_interfaces_s__rosidl_typesupport_fastrtps_c.cpython-310-x86_64-linux-gnu.so
[6.753s] -- Up-to-date symlink: /home/sentry_ws/src/rm_interfaces/install/rm_interfaces/local/lib/python3.10/dist-packages/rm_interfaces/rm_interfaces_s__rosidl_typesupport_introspection_c.cpython-310-x86_64-linux-gnu.so
[6.753s] -- Up-to-date symlink: /home/sentry_ws/src/rm_interfaces/install/rm_interfaces/local/lib/python3.10/dist-packages/rm_interfaces/rm_interfaces_s__rosidl_typesupport_c.cpython-310-x86_64-linux-gnu.so
[6.754s] -- Symlinking: /home/sentry_ws/src/rm_interfaces/install/rm_interfaces/share/rm_interfaces/msg/GameState.idl
[6.763s] -- Symlinking: /home/sentry_ws/src/rm_interfaces/install/rm_interfaces/share/rm_interfaces/msg/SentryCmd.idl
[6.771s] -- Symlinking: /home/sentry_ws/src/rm_interfaces/install/rm_interfaces/share/rm_interfaces/msg/ChassisCmd.idl
[6.779s] -- Symlinking: /home/sentry_ws/src/rm_interfaces/install/rm_interfaces/share/rm_interfaces/msg/Gimbal.idl
[6.795s] -- Symlinking: /home/sentry_ws/src/rm_interfaces/install/rm_interfaces/share/rm_interfaces/msg/GimbalCmd.idl
[6.807s] -- Symlinking: /home/sentry_ws/src/rm_interfaces/install/rm_interfaces/share/rm_interfaces/msg/ShootCmd.idl
[6.819s] -- Symlinking: /home/sentry_ws/src/rm_interfaces/install/rm_interfaces/share/rm_interfaces/referee/GameState.msg
[6.830s] -- Symlinking: /home/sentry_ws/src/rm_interfaces/install/rm_interfaces/share/rm_interfaces/referee/SentryCmd.msg
[6.844s] -- Symlinking: /home/sentry_ws/src/rm_interfaces/install/rm_interfaces/share/rm_interfaces/msg/ChassisCmd.msg
[6.859s] -- Symlinking: /home/sentry_ws/src/rm_interfaces/install/rm_interfaces/share/rm_interfaces/msg/Gimbal.msg
[6.872s] -- Symlinking: /home/sentry_ws/src/rm_interfaces/install/rm_interfaces/share/rm_interfaces/msg/GimbalCmd.msg
[6.887s] -- Symlinking: /home/sentry_ws/src/rm_interfaces/install/rm_interfaces/share/rm_interfaces/msg/ShootCmd.msg
[6.897s] -- Symlinking: /home/sentry_ws/src/rm_interfaces/install/rm_interfaces/share/ament_index/resource_index/package_run_dependencies/rm_interfaces
[6.907s] -- Symlinking: /home/sentry_ws/src/rm_interfaces/install/rm_interfaces/share/ament_index/resource_index/parent_prefix_path/rm_interfaces
[6.917s] -- Symlinking: /home/sentry_ws/src/rm_interfaces/install/rm_interfaces/share/rm_interfaces/environment/ament_prefix_path.sh
[6.932s] -- Symlinking: /home/sentry_ws/src/rm_interfaces/install/rm_interfaces/share/rm_interfaces/environment/ament_prefix_path.dsv
[6.947s] -- Symlinking: /home/sentry_ws/src/rm_interfaces/install/rm_interfaces/share/rm_interfaces/environment/path.sh
[6.956s] -- Symlinking: /home/sentry_ws/src/rm_interfaces/install/rm_interfaces/share/rm_interfaces/environment/path.dsv
[6.964s] -- Symlinking: /home/sentry_ws/src/rm_interfaces/install/rm_interfaces/share/rm_interfaces/local_setup.bash
[6.973s] -- Symlinking: /home/sentry_ws/src/rm_interfaces/install/rm_interfaces/share/rm_interfaces/local_setup.sh
[6.982s] -- Symlinking: /home/sentry_ws/src/rm_interfaces/install/rm_interfaces/share/rm_interfaces/local_setup.zsh
[6.996s] -- Symlinking: /home/sentry_ws/src/rm_interfaces/install/rm_interfaces/share/rm_interfaces/local_setup.dsv
[7.005s] -- Symlinking: /home/sentry_ws/src/rm_interfaces/install/rm_interfaces/share/rm_interfaces/package.dsv
[7.020s] -- Symlinking: /home/sentry_ws/src/rm_interfaces/install/rm_interfaces/share/ament_index/resource_index/packages/rm_interfaces
[7.033s] -- Symlinking: /home/sentry_ws/src/rm_interfaces/install/rm_interfaces/share/rm_interfaces/cmake/rosidl_cmake-extras.cmake
[7.041s] -- Symlinking: /home/sentry_ws/src/rm_interfaces/install/rm_interfaces/share/rm_interfaces/cmake/ament_cmake_export_dependencies-extras.cmake
[7.055s] -- Symlinking: /home/sentry_ws/src/rm_interfaces/install/rm_interfaces/share/rm_interfaces/cmake/ament_cmake_export_include_directories-extras.cmake
[7.064s] -- Symlinking: /home/sentry_ws/src/rm_interfaces/install/rm_interfaces/share/rm_interfaces/cmake/ament_cmake_export_libraries-extras.cmake
[7.073s] -- Symlinking: /home/sentry_ws/src/rm_interfaces/install/rm_interfaces/share/rm_interfaces/cmake/ament_cmake_export_targets-extras.cmake
[7.089s] -- Symlinking: /home/sentry_ws/src/rm_interfaces/install/rm_interfaces/share/rm_interfaces/cmake/rosidl_cmake_export_typesupport_targets-extras.cmake
[7.103s] -- Symlinking: /home/sentry_ws/src/rm_interfaces/install/rm_interfaces/share/rm_interfaces/cmake/rosidl_cmake_export_typesupport_libraries-extras.cmake
[7.115s] -- Symlinking: /home/sentry_ws/src/rm_interfaces/install/rm_interfaces/share/rm_interfaces/cmake/rm_interfacesConfig.cmake
[7.124s] -- Symlinking: /home/sentry_ws/src/rm_interfaces/install/rm_interfaces/share/rm_interfaces/cmake/rm_interfacesConfig-version.cmake
[7.133s] -- Symlinking: /home/sentry_ws/src/rm_interfaces/install/rm_interfaces/share/rm_interfaces/package.xml
[7.145s] -- Installing: /home/sentry_ws/src/rm_interfaces/install/rm_interfaces/lib/librm_interfaces__rosidl_generator_c.so
[7.146s] -- Set runtime path of "/home/sentry_ws/src/rm_interfaces/install/rm_interfaces/lib/librm_interfaces__rosidl_generator_c.so" to ""
[7.146s] -- Installing: /home/sentry_ws/src/rm_interfaces/install/rm_interfaces/lib/librm_interfaces__rosidl_typesupport_fastrtps_c.so
[7.147s] -- Set runtime path of "/home/sentry_ws/src/rm_interfaces/install/rm_interfaces/lib/librm_interfaces__rosidl_typesupport_fastrtps_c.so" to ""
[7.147s] -- Installing: /home/sentry_ws/src/rm_interfaces/install/rm_interfaces/lib/librm_interfaces__rosidl_typesupport_introspection_c.so
[7.148s] -- Set runtime path of "/home/sentry_ws/src/rm_interfaces/install/rm_interfaces/lib/librm_interfaces__rosidl_typesupport_introspection_c.so" to ""
[7.148s] -- Installing: /home/sentry_ws/src/rm_interfaces/install/rm_interfaces/lib/librm_interfaces__rosidl_typesupport_c.so
[7.149s] -- Set runtime path of "/home/sentry_ws/src/rm_interfaces/install/rm_interfaces/lib/librm_interfaces__rosidl_typesupport_c.so" to ""
[7.149s] -- Installing: /home/sentry_ws/src/rm_interfaces/install/rm_interfaces/lib/librm_interfaces__rosidl_typesupport_fastrtps_cpp.so
[7.150s] -- Set runtime path of "/home/sentry_ws/src/rm_interfaces/install/rm_interfaces/lib/librm_interfaces__rosidl_typesupport_fastrtps_cpp.so" to ""
[7.150s] -- Installing: /home/sentry_ws/src/rm_interfaces/install/rm_interfaces/lib/librm_interfaces__rosidl_typesupport_introspection_cpp.so
[7.151s] -- Set runtime path of "/home/sentry_ws/src/rm_interfaces/install/rm_interfaces/lib/librm_interfaces__rosidl_typesupport_introspection_cpp.so" to ""
[7.151s] -- Installing: /home/sentry_ws/src/rm_interfaces/install/rm_interfaces/lib/librm_interfaces__rosidl_typesupport_cpp.so
[7.152s] -- Set runtime path of "/home/sentry_ws/src/rm_interfaces/install/rm_interfaces/lib/librm_interfaces__rosidl_typesupport_cpp.so" to ""
[7.186s] Listing '/home/sentry_ws/src/rm_interfaces/install/rm_interfaces/local/lib/python3.10/dist-packages/rm_interfaces'...
[7.186s] Compiling '/home/sentry_ws/src/rm_interfaces/install/rm_interfaces/local/lib/python3.10/dist-packages/rm_interfaces/__init__.py'...
[7.186s] Listing '/home/sentry_ws/src/rm_interfaces/install/rm_interfaces/local/lib/python3.10/dist-packages/rm_interfaces/msg'...
[7.186s] Compiling '/home/sentry_ws/src/rm_interfaces/install/rm_interfaces/local/lib/python3.10/dist-packages/rm_interfaces/msg/__init__.py'...
[7.186s] Compiling '/home/sentry_ws/src/rm_interfaces/install/rm_interfaces/local/lib/python3.10/dist-packages/rm_interfaces/msg/_chassis_cmd.py'...
[7.186s] Compiling '/home/sentry_ws/src/rm_interfaces/install/rm_interfaces/local/lib/python3.10/dist-packages/rm_interfaces/msg/_game_state.py'...
[7.186s] Compiling '/home/sentry_ws/src/rm_interfaces/install/rm_interfaces/local/lib/python3.10/dist-packages/rm_interfaces/msg/_gimbal.py'...
[7.186s] Compiling '/home/sentry_ws/src/rm_interfaces/install/rm_interfaces/local/lib/python3.10/dist-packages/rm_interfaces/msg/_gimbal_cmd.py'...
[7.186s] Compiling '/home/sentry_ws/src/rm_interfaces/install/rm_interfaces/local/lib/python3.10/dist-packages/rm_interfaces/msg/_sentry_cmd.py'...
[7.186s] Compiling '/home/sentry_ws/src/rm_interfaces/install/rm_interfaces/local/lib/python3.10/dist-packages/rm_interfaces/msg/_shoot_cmd.py'...
[7.189s] -- Installing: /home/sentry_ws/src/rm_interfaces/install/rm_interfaces/lib/librm_interfaces__rosidl_generator_py.so
[7.190s] -- Set runtime path of "/home/sentry_ws/src/rm_interfaces/install/rm_interfaces/lib/librm_interfaces__rosidl_generator_py.so" to ""
[7.190s] -- Installing: /home/sentry_ws/src/rm_interfaces/install/rm_interfaces/share/rm_interfaces/cmake/export_rm_interfaces__rosidl_generator_cExport.cmake
[7.190s] -- Installing: /home/sentry_ws/src/rm_interfaces/install/rm_interfaces/share/rm_interfaces/cmake/export_rm_interfaces__rosidl_generator_cExport-noconfig.cmake
[7.191s] -- Installing: /home/sentry_ws/src/rm_interfaces/install/rm_interfaces/share/rm_interfaces/cmake/export_rm_interfaces__rosidl_typesupport_fastrtps_cExport.cmake
[7.191s] -- Installing: /home/sentry_ws/src/rm_interfaces/install/rm_interfaces/share/rm_interfaces/cmake/export_rm_interfaces__rosidl_typesupport_fastrtps_cExport-noconfig.cmake
[7.192s] -- Installing: /home/sentry_ws/src/rm_interfaces/install/rm_interfaces/share/rm_interfaces/cmake/rm_interfaces__rosidl_typesupport_introspection_cExport.cmake
[7.192s] -- Installing: /home/sentry_ws/src/rm_interfaces/install/rm_interfaces/share/rm_interfaces/cmake/rm_interfaces__rosidl_typesupport_introspection_cExport-noconfig.cmake
[7.192s] -- Installing: /home/sentry_ws/src/rm_interfaces/install/rm_interfaces/share/rm_interfaces/cmake/rm_interfaces__rosidl_typesupport_cExport.cmake
[7.193s] -- Installing: /home/sentry_ws/src/rm_interfaces/install/rm_interfaces/share/rm_interfaces/cmake/rm_interfaces__rosidl_typesupport_cExport-noconfig.cmake
[7.193s] -- Installing: /home/sentry_ws/src/rm_interfaces/install/rm_interfaces/share/rm_interfaces/cmake/export_rm_interfaces__rosidl_generator_cppExport.cmake
[7.193s] -- Installing: /home/sentry_ws/src/rm_interfaces/install/rm_interfaces/share/rm_interfaces/cmake/export_rm_interfaces__rosidl_typesupport_fastrtps_cppExport.cmake
[7.194s] -- Installing: /home/sentry_ws/src/rm_interfaces/install/rm_interfaces/share/rm_interfaces/cmake/export_rm_interfaces__rosidl_typesupport_fastrtps_cppExport-noconfig.cmake
[7.194s] -- Installing: /home/sentry_ws/src/rm_interfaces/install/rm_interfaces/share/rm_interfaces/cmake/rm_interfaces__rosidl_typesupport_introspection_cppExport.cmake
[7.195s] -- Installing: /home/sentry_ws/src/rm_interfaces/install/rm_interfaces/share/rm_interfaces/cmake/rm_interfaces__rosidl_typesupport_introspection_cppExport-noconfig.cmake
[7.195s] -- Installing: /home/sentry_ws/src/rm_interfaces/install/rm_interfaces/share/rm_interfaces/cmake/rm_interfaces__rosidl_typesupport_cppExport.cmake
[7.195s] -- Installing: /home/sentry_ws/src/rm_interfaces/install/rm_interfaces/share/rm_interfaces/cmake/rm_interfaces__rosidl_typesupport_cppExport-noconfig.cmake
[7.196s] -- Installing: /home/sentry_ws/src/rm_interfaces/install/rm_interfaces/share/rm_interfaces/cmake/export_rm_interfaces__rosidl_generator_pyExport.cmake
[7.196s] -- Installing: /home/sentry_ws/src/rm_interfaces/install/rm_interfaces/share/rm_interfaces/cmake/export_rm_interfaces__rosidl_generator_pyExport-noconfig.cmake
[7.200s] Invoked command in '/home/sentry_ws/src/rm_interfaces/build/rm_interfaces' returned '0': CMAKE_PREFIX_PATH=${CMAKE_PREFIX_PATH}:/home/sentry_ws/install/control_panel:/opt/ros/humble /usr/bin/cmake --install /home/sentry_ws/src/rm_interfaces/build/rm_interfaces
