[0.229s] DEBUG:colcon:Command line arguments: ['/usr/bin/colcon', 'build', '--symlink-install']
[0.229s] DEBUG:colcon:Parsed command line arguments: Namespace(log_base=None, log_level=None, verb_name='build', build_base='build', install_base='install', merge_install=False, symlink_install=True, test_result_base=None, continue_on_error=False, executor='parallel', parallel_workers=16, event_handlers=None, ignore_user_meta=False, metas=['./colcon.meta'], base_paths=['.'], packages_ignore=None, packages_ignore_regex=None, paths=None, packages_up_to=None, packages_up_to_regex=None, packages_above=None, packages_above_and_dependencies=None, packages_above_depth=None, packages_select_by_dep=None, packages_skip_by_dep=None, packages_skip_up_to=None, packages_select_build_failed=False, packages_skip_build_finished=False, packages_select_test_failures=False, packages_skip_test_passed=False, packages_select=None, packages_skip=None, packages_select_regex=None, packages_skip_regex=None, packages_start=None, packages_end=None, cmake_args=None, cmake_target=None, cmake_target_skip_unavailable=False, cmake_clean_cache=False, cmake_clean_first=False, cmake_force_configure=False, ament_cmake_args=None, catkin_cmake_args=None, catkin_skip_building_tests=False, mixin_files=None, mixin=None, verb_parser=<colcon_mixin.mixin.mixin_argument.MixinArgumentDecorator object at 0x7f630fc4eaa0>, verb_extension=<colcon_core.verb.build.BuildVerb object at 0x7f630fbdad40>, main=<bound method BuildVerb.main of <colcon_core.verb.build.BuildVerb object at 0x7f630fbdad40>>, mixin_verb=('build',))
[0.252s] Level 1:colcon.colcon_core.package_discovery:discover_packages(colcon_meta) check parameters
[0.253s] INFO:colcon.colcon_metadata.package_discovery.colcon_meta:Using configuration from '/root/.colcon/metadata/default/Gazebo.meta'
[0.253s] INFO:colcon.colcon_metadata.package_discovery.colcon_meta:Using configuration from '/root/.colcon/metadata/default/fastrtps.meta'
[0.253s] Level 1:colcon.colcon_core.package_discovery:discover_packages(recursive) check parameters
[0.253s] Level 1:colcon.colcon_core.package_discovery:discover_packages(ignore) check parameters
[0.253s] Level 1:colcon.colcon_core.package_discovery:discover_packages(path) check parameters
[0.253s] Level 1:colcon.colcon_core.package_discovery:discover_packages(colcon_meta) discover
[0.253s] Level 1:colcon.colcon_core.package_discovery:discover_packages(recursive) discover
[0.253s] INFO:colcon.colcon_core.package_discovery:Crawling recursively for packages in '/home/sentry_ws/src/rm_interfaces'
[0.253s] Level 1:colcon.colcon_core.package_identification:_identify(.) by extensions ['ignore', 'ignore_ament_install']
[0.253s] Level 1:colcon.colcon_core.package_identification:_identify(.) by extension 'ignore'
[0.253s] Level 1:colcon.colcon_core.package_identification:_identify(.) by extension 'ignore_ament_install'
[0.254s] Level 1:colcon.colcon_core.package_identification:_identify(.) by extensions ['colcon_pkg']
[0.254s] Level 1:colcon.colcon_core.package_identification:_identify(.) by extension 'colcon_pkg'
[0.254s] Level 1:colcon.colcon_core.package_identification:_identify(.) by extensions ['colcon_meta']
[0.254s] Level 1:colcon.colcon_core.package_identification:_identify(.) by extension 'colcon_meta'
[0.254s] Level 1:colcon.colcon_core.package_identification:_identify(.) by extensions ['ros']
[0.254s] Level 1:colcon.colcon_core.package_identification:_identify(.) by extension 'ros'
[0.263s] DEBUG:colcon.colcon_core.package_identification:Package '.' with type 'ros.ament_cmake' and name 'rm_interfaces'
[0.263s] Level 1:colcon.colcon_core.package_discovery:discover_packages(recursive) using defaults
[0.263s] Level 1:colcon.colcon_core.package_discovery:discover_packages(ignore) discover
[0.263s] Level 1:colcon.colcon_core.package_discovery:discover_packages(ignore) using defaults
[0.263s] Level 1:colcon.colcon_core.package_discovery:discover_packages(path) discover
[0.263s] Level 1:colcon.colcon_core.package_discovery:discover_packages(path) using defaults
[0.279s] Level 5:colcon.colcon_core.verb:set package 'rm_interfaces' build argument 'cmake_args' from command line to 'None'
[0.279s] Level 5:colcon.colcon_core.verb:set package 'rm_interfaces' build argument 'cmake_target' from command line to 'None'
[0.279s] Level 5:colcon.colcon_core.verb:set package 'rm_interfaces' build argument 'cmake_target_skip_unavailable' from command line to 'False'
[0.279s] Level 5:colcon.colcon_core.verb:set package 'rm_interfaces' build argument 'cmake_clean_cache' from command line to 'False'
[0.279s] Level 5:colcon.colcon_core.verb:set package 'rm_interfaces' build argument 'cmake_clean_first' from command line to 'False'
[0.279s] Level 5:colcon.colcon_core.verb:set package 'rm_interfaces' build argument 'cmake_force_configure' from command line to 'False'
[0.279s] Level 5:colcon.colcon_core.verb:set package 'rm_interfaces' build argument 'ament_cmake_args' from command line to 'None'
[0.279s] Level 5:colcon.colcon_core.verb:set package 'rm_interfaces' build argument 'catkin_cmake_args' from command line to 'None'
[0.279s] Level 5:colcon.colcon_core.verb:set package 'rm_interfaces' build argument 'catkin_skip_building_tests' from command line to 'False'
[0.279s] DEBUG:colcon.colcon_core.verb:Building package 'rm_interfaces' with the following arguments: {'ament_cmake_args': None, 'build_base': '/home/sentry_ws/src/rm_interfaces/build/rm_interfaces', 'catkin_cmake_args': None, 'catkin_skip_building_tests': False, 'cmake_args': None, 'cmake_clean_cache': False, 'cmake_clean_first': False, 'cmake_force_configure': False, 'cmake_target': None, 'cmake_target_skip_unavailable': False, 'install_base': '/home/sentry_ws/src/rm_interfaces/install/rm_interfaces', 'merge_install': False, 'path': '/home/sentry_ws/src/rm_interfaces', 'symlink_install': True, 'test_result_base': None}
[0.279s] INFO:colcon.colcon_core.executor:Executing jobs using 'parallel' executor
[0.281s] DEBUG:colcon.colcon_parallel_executor.executor.parallel:run_until_complete
[0.282s] INFO:colcon.colcon_ros.task.ament_cmake.build:Building ROS package in '/home/sentry_ws/src/rm_interfaces' with build type 'ament_cmake'
[0.282s] INFO:colcon.colcon_cmake.task.cmake.build:Building CMake package in '/home/sentry_ws/src/rm_interfaces'
[0.285s] INFO:colcon.colcon_core.plugin_system:Skipping extension 'colcon_core.shell.bat': Not used on non-Windows systems
[0.285s] INFO:colcon.colcon_core.shell:Skip shell extension 'powershell' for command environment: Not usable outside of PowerShell
[0.285s] DEBUG:colcon.colcon_core.shell:Skip shell extension 'dsv' for command environment
[0.298s] DEBUG:colcon.colcon_core.event_handler.log_command:Invoking command in '/home/sentry_ws/src/rm_interfaces/build/rm_interfaces': CMAKE_PREFIX_PATH=${CMAKE_PREFIX_PATH}:/home/sentry_ws/install/control_panel:/opt/ros/humble /usr/bin/cmake /home/sentry_ws/src/rm_interfaces -DAMENT_CMAKE_SYMLINK_INSTALL=1 -DCMAKE_INSTALL_PREFIX=/home/sentry_ws/src/rm_interfaces/install/rm_interfaces
[2.235s] DEBUG:colcon.colcon_core.event_handler.log_command:Invoked command in '/home/sentry_ws/src/rm_interfaces/build/rm_interfaces' returned '0': CMAKE_PREFIX_PATH=${CMAKE_PREFIX_PATH}:/home/sentry_ws/install/control_panel:/opt/ros/humble /usr/bin/cmake /home/sentry_ws/src/rm_interfaces -DAMENT_CMAKE_SYMLINK_INSTALL=1 -DCMAKE_INSTALL_PREFIX=/home/sentry_ws/src/rm_interfaces/install/rm_interfaces
[2.237s] DEBUG:colcon.colcon_core.event_handler.log_command:Invoking command in '/home/sentry_ws/src/rm_interfaces/build/rm_interfaces': CMAKE_PREFIX_PATH=${CMAKE_PREFIX_PATH}:/home/sentry_ws/install/control_panel:/opt/ros/humble /usr/bin/cmake --build /home/sentry_ws/src/rm_interfaces/build/rm_interfaces -- -j16 -l16
[5.519s] DEBUG:colcon.colcon_core.event_handler.log_command:Invoked command in '/home/sentry_ws/src/rm_interfaces/build/rm_interfaces' returned '0': CMAKE_PREFIX_PATH=${CMAKE_PREFIX_PATH}:/home/sentry_ws/install/control_panel:/opt/ros/humble /usr/bin/cmake --build /home/sentry_ws/src/rm_interfaces/build/rm_interfaces -- -j16 -l16
[5.822s] DEBUG:colcon.colcon_core.event_handler.log_command:Invoking command in '/home/sentry_ws/src/rm_interfaces/build/rm_interfaces': CMAKE_PREFIX_PATH=${CMAKE_PREFIX_PATH}:/home/sentry_ws/install/control_panel:/opt/ros/humble /usr/bin/cmake --install /home/sentry_ws/src/rm_interfaces/build/rm_interfaces
[7.482s] Level 1:colcon.colcon_core.environment:create_environment_scripts_only(rm_interfaces)
[7.483s] DEBUG:colcon.colcon_core.event_handler.log_command:Invoked command in '/home/sentry_ws/src/rm_interfaces/build/rm_interfaces' returned '0': CMAKE_PREFIX_PATH=${CMAKE_PREFIX_PATH}:/home/sentry_ws/install/control_panel:/opt/ros/humble /usr/bin/cmake --install /home/sentry_ws/src/rm_interfaces/build/rm_interfaces
[7.488s] Level 1:colcon.colcon_core.environment:checking '/home/sentry_ws/src/rm_interfaces/install/rm_interfaces' for CMake module files
[7.488s] Level 1:colcon.colcon_core.environment:checking '/home/sentry_ws/src/rm_interfaces/install/rm_interfaces' for CMake config files
[7.490s] Level 1:colcon.colcon_core.shell:create_environment_hook('rm_interfaces', 'cmake_prefix_path')
[7.491s] INFO:colcon.colcon_core.shell:Creating environment hook '/home/sentry_ws/src/rm_interfaces/install/rm_interfaces/share/rm_interfaces/hook/cmake_prefix_path.ps1'
[7.491s] INFO:colcon.colcon_core.shell:Creating environment descriptor '/home/sentry_ws/src/rm_interfaces/install/rm_interfaces/share/rm_interfaces/hook/cmake_prefix_path.dsv'
[7.491s] INFO:colcon.colcon_core.shell:Creating environment hook '/home/sentry_ws/src/rm_interfaces/install/rm_interfaces/share/rm_interfaces/hook/cmake_prefix_path.sh'
[7.492s] Level 1:colcon.colcon_core.environment:checking '/home/sentry_ws/src/rm_interfaces/install/rm_interfaces/lib'
[7.492s] Level 1:colcon.colcon_core.shell:create_environment_hook('rm_interfaces', 'ld_library_path_lib')
[7.493s] INFO:colcon.colcon_core.shell:Creating environment hook '/home/sentry_ws/src/rm_interfaces/install/rm_interfaces/share/rm_interfaces/hook/ld_library_path_lib.ps1'
[7.493s] INFO:colcon.colcon_core.shell:Creating environment descriptor '/home/sentry_ws/src/rm_interfaces/install/rm_interfaces/share/rm_interfaces/hook/ld_library_path_lib.dsv'
[7.493s] INFO:colcon.colcon_core.shell:Creating environment hook '/home/sentry_ws/src/rm_interfaces/install/rm_interfaces/share/rm_interfaces/hook/ld_library_path_lib.sh'
[7.493s] Level 1:colcon.colcon_core.environment:checking '/home/sentry_ws/src/rm_interfaces/install/rm_interfaces/bin'
[7.493s] Level 1:colcon.colcon_core.environment:checking '/home/sentry_ws/src/rm_interfaces/install/rm_interfaces/lib/pkgconfig/rm_interfaces.pc'
[7.495s] Level 1:colcon.colcon_core.environment:checking '/home/sentry_ws/src/rm_interfaces/install/rm_interfaces/lib/python3.10/site-packages'
[7.495s] Level 1:colcon.colcon_core.environment:checking '/home/sentry_ws/src/rm_interfaces/install/rm_interfaces/bin'
[7.496s] INFO:colcon.colcon_core.shell:Creating package script '/home/sentry_ws/src/rm_interfaces/install/rm_interfaces/share/rm_interfaces/package.ps1'
[7.497s] INFO:colcon.colcon_core.shell:Creating package descriptor '/home/sentry_ws/src/rm_interfaces/install/rm_interfaces/share/rm_interfaces/package.dsv'
[7.498s] INFO:colcon.colcon_core.shell:Creating package script '/home/sentry_ws/src/rm_interfaces/install/rm_interfaces/share/rm_interfaces/package.sh'
[7.498s] INFO:colcon.colcon_core.shell:Creating package script '/home/sentry_ws/src/rm_interfaces/install/rm_interfaces/share/rm_interfaces/package.bash'
[7.499s] INFO:colcon.colcon_core.shell:Creating package script '/home/sentry_ws/src/rm_interfaces/install/rm_interfaces/share/rm_interfaces/package.zsh'
[7.499s] Level 1:colcon.colcon_core.environment:create_file_with_runtime_dependencies(/home/sentry_ws/src/rm_interfaces/install/rm_interfaces/share/colcon-core/packages/rm_interfaces)
[7.796s] Level 1:colcon.colcon_core.environment:create_environment_scripts_only(rm_interfaces)
[7.799s] Level 1:colcon.colcon_core.environment:checking '/home/sentry_ws/src/rm_interfaces/install/rm_interfaces' for CMake module files
[7.800s] Level 1:colcon.colcon_core.environment:checking '/home/sentry_ws/src/rm_interfaces/install/rm_interfaces' for CMake config files
[7.801s] Level 1:colcon.colcon_core.shell:create_environment_hook('rm_interfaces', 'cmake_prefix_path')
[7.803s] INFO:colcon.colcon_core.shell:Creating environment hook '/home/sentry_ws/src/rm_interfaces/install/rm_interfaces/share/rm_interfaces/hook/cmake_prefix_path.ps1'
[7.803s] INFO:colcon.colcon_core.shell:Creating environment descriptor '/home/sentry_ws/src/rm_interfaces/install/rm_interfaces/share/rm_interfaces/hook/cmake_prefix_path.dsv'
[7.803s] INFO:colcon.colcon_core.shell:Creating environment hook '/home/sentry_ws/src/rm_interfaces/install/rm_interfaces/share/rm_interfaces/hook/cmake_prefix_path.sh'
[7.810s] Level 1:colcon.colcon_core.environment:checking '/home/sentry_ws/src/rm_interfaces/install/rm_interfaces/lib'
[7.810s] Level 1:colcon.colcon_core.shell:create_environment_hook('rm_interfaces', 'ld_library_path_lib')
[7.811s] INFO:colcon.colcon_core.shell:Creating environment hook '/home/sentry_ws/src/rm_interfaces/install/rm_interfaces/share/rm_interfaces/hook/ld_library_path_lib.ps1'
[7.811s] INFO:colcon.colcon_core.shell:Creating environment descriptor '/home/sentry_ws/src/rm_interfaces/install/rm_interfaces/share/rm_interfaces/hook/ld_library_path_lib.dsv'
[7.811s] INFO:colcon.colcon_core.shell:Creating environment hook '/home/sentry_ws/src/rm_interfaces/install/rm_interfaces/share/rm_interfaces/hook/ld_library_path_lib.sh'
[7.812s] Level 1:colcon.colcon_core.environment:checking '/home/sentry_ws/src/rm_interfaces/install/rm_interfaces/bin'
[7.812s] Level 1:colcon.colcon_core.environment:checking '/home/sentry_ws/src/rm_interfaces/install/rm_interfaces/lib/pkgconfig/rm_interfaces.pc'
[7.812s] Level 1:colcon.colcon_core.environment:checking '/home/sentry_ws/src/rm_interfaces/install/rm_interfaces/lib/python3.10/site-packages'
[7.812s] Level 1:colcon.colcon_core.environment:checking '/home/sentry_ws/src/rm_interfaces/install/rm_interfaces/bin'
[7.813s] INFO:colcon.colcon_core.shell:Creating package script '/home/sentry_ws/src/rm_interfaces/install/rm_interfaces/share/rm_interfaces/package.ps1'
[7.813s] INFO:colcon.colcon_core.shell:Creating package descriptor '/home/sentry_ws/src/rm_interfaces/install/rm_interfaces/share/rm_interfaces/package.dsv'
[7.813s] INFO:colcon.colcon_core.shell:Creating package script '/home/sentry_ws/src/rm_interfaces/install/rm_interfaces/share/rm_interfaces/package.sh'
[7.814s] INFO:colcon.colcon_core.shell:Creating package script '/home/sentry_ws/src/rm_interfaces/install/rm_interfaces/share/rm_interfaces/package.bash'
[7.814s] INFO:colcon.colcon_core.shell:Creating package script '/home/sentry_ws/src/rm_interfaces/install/rm_interfaces/share/rm_interfaces/package.zsh'
[7.814s] Level 1:colcon.colcon_core.environment:create_file_with_runtime_dependencies(/home/sentry_ws/src/rm_interfaces/install/rm_interfaces/share/colcon-core/packages/rm_interfaces)
[7.815s] DEBUG:colcon.colcon_parallel_executor.executor.parallel:closing loop
[7.815s] DEBUG:colcon.colcon_parallel_executor.executor.parallel:loop closed
[7.815s] DEBUG:colcon.colcon_parallel_executor.executor.parallel:run_until_complete finished with '0'
[7.815s] DEBUG:colcon.colcon_core.event_reactor:joining thread
[7.823s] INFO:colcon.colcon_core.plugin_system:Skipping extension 'colcon_notification.desktop_notification.notify_send': Could not find 'notify-send'
[7.823s] INFO:colcon.colcon_core.plugin_system:Skipping extension 'colcon_notification.desktop_notification.terminal_notifier': Not used on non-Darwin systems
[7.823s] INFO:colcon.colcon_core.plugin_system:Skipping extension 'colcon_notification.desktop_notification.win32': Not used on non-Windows systems
[7.824s] INFO:colcon.colcon_notification.desktop_notification:Sending desktop notification using 'notify2'
[7.827s] DEBUG:colcon.colcon_notification.desktop_notification.notify2:Failed to initialize notify2: org.freedesktop.DBus.Error.Spawn.ExecFailed: /usr/bin/dbus-launch terminated abnormally without any error message
[7.828s] DEBUG:colcon.colcon_core.event_reactor:joined thread
[7.830s] INFO:colcon.colcon_core.shell:Creating prefix script '/home/sentry_ws/src/rm_interfaces/install/local_setup.ps1'
[7.832s] INFO:colcon.colcon_core.shell:Creating prefix util module '/home/sentry_ws/src/rm_interfaces/install/_local_setup_util_ps1.py'
[7.834s] INFO:colcon.colcon_core.shell:Creating prefix chain script '/home/sentry_ws/src/rm_interfaces/install/setup.ps1'
[7.836s] INFO:colcon.colcon_core.shell:Creating prefix script '/home/sentry_ws/src/rm_interfaces/install/local_setup.sh'
[7.837s] INFO:colcon.colcon_core.shell:Creating prefix util module '/home/sentry_ws/src/rm_interfaces/install/_local_setup_util_sh.py'
[7.837s] INFO:colcon.colcon_core.shell:Creating prefix chain script '/home/sentry_ws/src/rm_interfaces/install/setup.sh'
[7.838s] INFO:colcon.colcon_core.shell:Creating prefix script '/home/sentry_ws/src/rm_interfaces/install/local_setup.bash'
[7.839s] INFO:colcon.colcon_core.shell:Creating prefix chain script '/home/sentry_ws/src/rm_interfaces/install/setup.bash'
[7.840s] INFO:colcon.colcon_core.shell:Creating prefix script '/home/sentry_ws/src/rm_interfaces/install/local_setup.zsh'
[7.840s] INFO:colcon.colcon_core.shell:Creating prefix chain script '/home/sentry_ws/src/rm_interfaces/install/setup.zsh'
